<?xml version="1.0" encoding="UTF-8"?>
<testsuite name="dressapp.containers.OutfitServiceSpec" tests="5" skipped="0" failures="5" errors="0" timestamp="2018-06-12T14:40:00" hostname="nico-N53SV" time="1.092">
  <properties/>
  <testcase name="test get" classname="dressapp.containers.OutfitServiceSpec" time="0.203">
    <failure message="Condition not satisfied:&#10;&#10;false&#10;&#10;TODO: Provide a setupData() implementation for this generated test suite&#10;" type="org.spockframework.runtime.ConditionNotSatisfiedError">Condition not satisfied:

false

TODO: Provide a setupData() implementation for this generated test suite

	at dressapp.containers.OutfitServiceSpec.setupData(OutfitServiceSpec.groovy:22)
	at dressapp.containers.OutfitServiceSpec.$tt__$spock_feature_0_0(OutfitServiceSpec.groovy:27)
	at dressapp.containers.OutfitServiceSpec.test get_closure1(OutfitServiceSpec.groovy)
	at groovy.lang.Closure.call(Closure.java:418)
	at groovy.lang.Closure.call(Closure.java:434)
	at grails.gorm.transactions.GrailsTransactionTemplate$1.doInTransaction(GrailsTransactionTemplate.groovy:68)
	at org.springframework.transaction.support.TransactionTemplate.execute(TransactionTemplate.java:133)
	at grails.gorm.transactions.GrailsTransactionTemplate.executeAndRollback(GrailsTransactionTemplate.groovy:65)
	at dressapp.containers.OutfitServiceSpec.test get(OutfitServiceSpec.groovy)
</failure>
  </testcase>
  <testcase name="test list" classname="dressapp.containers.OutfitServiceSpec" time="0.236">
    <failure message="Condition not satisfied:&#10;&#10;false&#10;&#10;TODO: Provide a setupData() implementation for this generated test suite&#10;" type="org.spockframework.runtime.ConditionNotSatisfiedError">Condition not satisfied:

false

TODO: Provide a setupData() implementation for this generated test suite

	at dressapp.containers.OutfitServiceSpec.setupData(OutfitServiceSpec.groovy:22)
	at dressapp.containers.OutfitServiceSpec.$tt__$spock_feature_0_1(OutfitServiceSpec.groovy:34)
	at dressapp.containers.OutfitServiceSpec.test list_closure2(OutfitServiceSpec.groovy)
	at groovy.lang.Closure.call(Closure.java:418)
	at groovy.lang.Closure.call(Closure.java:434)
	at grails.gorm.transactions.GrailsTransactionTemplate$1.doInTransaction(GrailsTransactionTemplate.groovy:68)
	at org.springframework.transaction.support.TransactionTemplate.execute(TransactionTemplate.java:133)
	at grails.gorm.transactions.GrailsTransactionTemplate.executeAndRollback(GrailsTransactionTemplate.groovy:65)
	at dressapp.containers.OutfitServiceSpec.test list(OutfitServiceSpec.groovy)
</failure>
  </testcase>
  <testcase name="test count" classname="dressapp.containers.OutfitServiceSpec" time="0.207">
    <failure message="Condition not satisfied:&#10;&#10;false&#10;&#10;TODO: Provide a setupData() implementation for this generated test suite&#10;" type="org.spockframework.runtime.ConditionNotSatisfiedError">Condition not satisfied:

false

TODO: Provide a setupData() implementation for this generated test suite

	at dressapp.containers.OutfitServiceSpec.setupData(OutfitServiceSpec.groovy:22)
	at dressapp.containers.OutfitServiceSpec.$tt__$spock_feature_0_2(OutfitServiceSpec.groovy:45)
	at dressapp.containers.OutfitServiceSpec.test count_closure3(OutfitServiceSpec.groovy)
	at groovy.lang.Closure.call(Closure.java:418)
	at groovy.lang.Closure.call(Closure.java:434)
	at grails.gorm.transactions.GrailsTransactionTemplate$1.doInTransaction(GrailsTransactionTemplate.groovy:68)
	at org.springframework.transaction.support.TransactionTemplate.execute(TransactionTemplate.java:133)
	at grails.gorm.transactions.GrailsTransactionTemplate.executeAndRollback(GrailsTransactionTemplate.groovy:65)
	at dressapp.containers.OutfitServiceSpec.test count(OutfitServiceSpec.groovy)
</failure>
  </testcase>
  <testcase name="test delete" classname="dressapp.containers.OutfitServiceSpec" time="0.241">
    <failure message="Condition not satisfied:&#10;&#10;false&#10;&#10;TODO: Provide a setupData() implementation for this generated test suite&#10;" type="org.spockframework.runtime.ConditionNotSatisfiedError">Condition not satisfied:

false

TODO: Provide a setupData() implementation for this generated test suite

	at dressapp.containers.OutfitServiceSpec.setupData(OutfitServiceSpec.groovy:22)
	at dressapp.containers.OutfitServiceSpec.$tt__$spock_feature_0_3(OutfitServiceSpec.groovy:52)
	at dressapp.containers.OutfitServiceSpec.test delete_closure4(OutfitServiceSpec.groovy)
	at groovy.lang.Closure.call(Closure.java:418)
	at groovy.lang.Closure.call(Closure.java:434)
	at grails.gorm.transactions.GrailsTransactionTemplate$1.doInTransaction(GrailsTransactionTemplate.groovy:68)
	at org.springframework.transaction.support.TransactionTemplate.execute(TransactionTemplate.java:133)
	at grails.gorm.transactions.GrailsTransactionTemplate.executeAndRollback(GrailsTransactionTemplate.groovy:65)
	at dressapp.containers.OutfitServiceSpec.test delete(OutfitServiceSpec.groovy)
</failure>
  </testcase>
  <testcase name="test save" classname="dressapp.containers.OutfitServiceSpec" time="0.205">
    <failure message="Condition not satisfied:&#10;&#10;false&#10;&#10;TODO: Provide a valid instance to save&#10;" type="org.spockframework.runtime.ConditionNotSatisfiedError">Condition not satisfied:

false

TODO: Provide a valid instance to save

	at dressapp.containers.OutfitServiceSpec.$tt__$spock_feature_0_4(OutfitServiceSpec.groovy:67)
	at dressapp.containers.OutfitServiceSpec.test save_closure5(OutfitServiceSpec.groovy)
	at groovy.lang.Closure.call(Closure.java:418)
	at groovy.lang.Closure.call(Closure.java:434)
	at grails.gorm.transactions.GrailsTransactionTemplate$1.doInTransaction(GrailsTransactionTemplate.groovy:68)
	at org.springframework.transaction.support.TransactionTemplate.execute(TransactionTemplate.java:133)
	at grails.gorm.transactions.GrailsTransactionTemplate.executeAndRollback(GrailsTransactionTemplate.groovy:65)
	at dressapp.containers.OutfitServiceSpec.test save(OutfitServiceSpec.groovy)
</failure>
  </testcase>
  <system-out><![CDATA[]]></system-out>
  <system-err><![CDATA[]]></system-err>
</testsuite>
