<?xml version="1.0" encoding="UTF-8"?>
<testsuite name="dressapp.users.UserServiceSpec" tests="5" skipped="0" failures="5" errors="0" timestamp="2018-06-12T14:40:04" hostname="nico-N53SV" time="1.053">
  <properties/>
  <testcase name="test get" classname="dressapp.users.UserServiceSpec" time="0.208">
    <failure message="Condition not satisfied:&#10;&#10;false&#10;&#10;TODO: Provide a setupData() implementation for this generated test suite&#10;" type="org.spockframework.runtime.ConditionNotSatisfiedError">Condition not satisfied:

false

TODO: Provide a setupData() implementation for this generated test suite

	at dressapp.users.UserServiceSpec.setupData(UserServiceSpec.groovy:22)
	at dressapp.users.UserServiceSpec.$tt__$spock_feature_0_0(UserServiceSpec.groovy:27)
	at dressapp.users.UserServiceSpec.test get_closure1(UserServiceSpec.groovy)
	at groovy.lang.Closure.call(Closure.java:418)
	at groovy.lang.Closure.call(Closure.java:434)
	at grails.gorm.transactions.GrailsTransactionTemplate$1.doInTransaction(GrailsTransactionTemplate.groovy:68)
	at org.springframework.transaction.support.TransactionTemplate.execute(TransactionTemplate.java:133)
	at grails.gorm.transactions.GrailsTransactionTemplate.executeAndRollback(GrailsTransactionTemplate.groovy:65)
	at dressapp.users.UserServiceSpec.test get(UserServiceSpec.groovy)
</failure>
  </testcase>
  <testcase name="test list" classname="dressapp.users.UserServiceSpec" time="0.212">
    <failure message="Condition not satisfied:&#10;&#10;false&#10;&#10;TODO: Provide a setupData() implementation for this generated test suite&#10;" type="org.spockframework.runtime.ConditionNotSatisfiedError">Condition not satisfied:

false

TODO: Provide a setupData() implementation for this generated test suite

	at dressapp.users.UserServiceSpec.setupData(UserServiceSpec.groovy:22)
	at dressapp.users.UserServiceSpec.$tt__$spock_feature_0_1(UserServiceSpec.groovy:34)
	at dressapp.users.UserServiceSpec.test list_closure2(UserServiceSpec.groovy)
	at groovy.lang.Closure.call(Closure.java:418)
	at groovy.lang.Closure.call(Closure.java:434)
	at grails.gorm.transactions.GrailsTransactionTemplate$1.doInTransaction(GrailsTransactionTemplate.groovy:68)
	at org.springframework.transaction.support.TransactionTemplate.execute(TransactionTemplate.java:133)
	at grails.gorm.transactions.GrailsTransactionTemplate.executeAndRollback(GrailsTransactionTemplate.groovy:65)
	at dressapp.users.UserServiceSpec.test list(UserServiceSpec.groovy)
</failure>
  </testcase>
  <testcase name="test count" classname="dressapp.users.UserServiceSpec" time="0.213">
    <failure message="Condition not satisfied:&#10;&#10;false&#10;&#10;TODO: Provide a setupData() implementation for this generated test suite&#10;" type="org.spockframework.runtime.ConditionNotSatisfiedError">Condition not satisfied:

false

TODO: Provide a setupData() implementation for this generated test suite

	at dressapp.users.UserServiceSpec.setupData(UserServiceSpec.groovy:22)
	at dressapp.users.UserServiceSpec.$tt__$spock_feature_0_2(UserServiceSpec.groovy:45)
	at dressapp.users.UserServiceSpec.test count_closure3(UserServiceSpec.groovy)
	at groovy.lang.Closure.call(Closure.java:418)
	at groovy.lang.Closure.call(Closure.java:434)
	at grails.gorm.transactions.GrailsTransactionTemplate$1.doInTransaction(GrailsTransactionTemplate.groovy:68)
	at org.springframework.transaction.support.TransactionTemplate.execute(TransactionTemplate.java:133)
	at grails.gorm.transactions.GrailsTransactionTemplate.executeAndRollback(GrailsTransactionTemplate.groovy:65)
	at dressapp.users.UserServiceSpec.test count(UserServiceSpec.groovy)
</failure>
  </testcase>
  <testcase name="test delete" classname="dressapp.users.UserServiceSpec" time="0.204">
    <failure message="Condition not satisfied:&#10;&#10;false&#10;&#10;TODO: Provide a setupData() implementation for this generated test suite&#10;" type="org.spockframework.runtime.ConditionNotSatisfiedError">Condition not satisfied:

false

TODO: Provide a setupData() implementation for this generated test suite

	at dressapp.users.UserServiceSpec.setupData(UserServiceSpec.groovy:22)
	at dressapp.users.UserServiceSpec.$tt__$spock_feature_0_3(UserServiceSpec.groovy:52)
	at dressapp.users.UserServiceSpec.test delete_closure4(UserServiceSpec.groovy)
	at groovy.lang.Closure.call(Closure.java:418)
	at groovy.lang.Closure.call(Closure.java:434)
	at grails.gorm.transactions.GrailsTransactionTemplate$1.doInTransaction(GrailsTransactionTemplate.groovy:68)
	at org.springframework.transaction.support.TransactionTemplate.execute(TransactionTemplate.java:133)
	at grails.gorm.transactions.GrailsTransactionTemplate.executeAndRollback(GrailsTransactionTemplate.groovy:65)
	at dressapp.users.UserServiceSpec.test delete(UserServiceSpec.groovy)
</failure>
  </testcase>
  <testcase name="test save" classname="dressapp.users.UserServiceSpec" time="0.215">
    <failure message="Condition not satisfied:&#10;&#10;false&#10;&#10;TODO: Provide a valid instance to save&#10;" type="org.spockframework.runtime.ConditionNotSatisfiedError">Condition not satisfied:

false

TODO: Provide a valid instance to save

	at dressapp.users.UserServiceSpec.$tt__$spock_feature_0_4(UserServiceSpec.groovy:67)
	at dressapp.users.UserServiceSpec.test save_closure5(UserServiceSpec.groovy)
	at groovy.lang.Closure.call(Closure.java:418)
	at groovy.lang.Closure.call(Closure.java:434)
	at grails.gorm.transactions.GrailsTransactionTemplate$1.doInTransaction(GrailsTransactionTemplate.groovy:68)
	at org.springframework.transaction.support.TransactionTemplate.execute(TransactionTemplate.java:133)
	at grails.gorm.transactions.GrailsTransactionTemplate.executeAndRollback(GrailsTransactionTemplate.groovy:65)
	at dressapp.users.UserServiceSpec.test save(UserServiceSpec.groovy)
</failure>
  </testcase>
  <system-out><![CDATA[]]></system-out>
  <system-err><![CDATA[]]></system-err>
</testsuite>
