<?xml version="1.0" encoding="UTF-8"?>
<testsuite name="dressapp.calendar.EventServiceSpec" tests="5" skipped="0" failures="5" errors="0" timestamp="2018-06-12T14:40:07" hostname="nico-N53SV" time="1.096">
  <properties/>
  <testcase name="test get" classname="dressapp.calendar.EventServiceSpec" time="0.214">
    <failure message="Condition not satisfied:&#10;&#10;false&#10;&#10;TODO: Provide a setupData() implementation for this generated test suite&#10;" type="org.spockframework.runtime.ConditionNotSatisfiedError">Condition not satisfied:

false

TODO: Provide a setupData() implementation for this generated test suite

	at dressapp.calendar.EventServiceSpec.setupData(EventServiceSpec.groovy:22)
	at dressapp.calendar.EventServiceSpec.$tt__$spock_feature_0_0(EventServiceSpec.groovy:27)
	at dressapp.calendar.EventServiceSpec.test get_closure1(EventServiceSpec.groovy)
	at groovy.lang.Closure.call(Closure.java:418)
	at groovy.lang.Closure.call(Closure.java:434)
	at grails.gorm.transactions.GrailsTransactionTemplate$1.doInTransaction(GrailsTransactionTemplate.groovy:68)
	at org.springframework.transaction.support.TransactionTemplate.execute(TransactionTemplate.java:133)
	at grails.gorm.transactions.GrailsTransactionTemplate.executeAndRollback(GrailsTransactionTemplate.groovy:65)
	at dressapp.calendar.EventServiceSpec.test get(EventServiceSpec.groovy)
</failure>
  </testcase>
  <testcase name="test list" classname="dressapp.calendar.EventServiceSpec" time="0.216">
    <failure message="Condition not satisfied:&#10;&#10;false&#10;&#10;TODO: Provide a setupData() implementation for this generated test suite&#10;" type="org.spockframework.runtime.ConditionNotSatisfiedError">Condition not satisfied:

false

TODO: Provide a setupData() implementation for this generated test suite

	at dressapp.calendar.EventServiceSpec.setupData(EventServiceSpec.groovy:22)
	at dressapp.calendar.EventServiceSpec.$tt__$spock_feature_0_1(EventServiceSpec.groovy:34)
	at dressapp.calendar.EventServiceSpec.test list_closure2(EventServiceSpec.groovy)
	at groovy.lang.Closure.call(Closure.java:418)
	at groovy.lang.Closure.call(Closure.java:434)
	at grails.gorm.transactions.GrailsTransactionTemplate$1.doInTransaction(GrailsTransactionTemplate.groovy:68)
	at org.springframework.transaction.support.TransactionTemplate.execute(TransactionTemplate.java:133)
	at grails.gorm.transactions.GrailsTransactionTemplate.executeAndRollback(GrailsTransactionTemplate.groovy:65)
	at dressapp.calendar.EventServiceSpec.test list(EventServiceSpec.groovy)
</failure>
  </testcase>
  <testcase name="test count" classname="dressapp.calendar.EventServiceSpec" time="0.218">
    <failure message="Condition not satisfied:&#10;&#10;false&#10;&#10;TODO: Provide a setupData() implementation for this generated test suite&#10;" type="org.spockframework.runtime.ConditionNotSatisfiedError">Condition not satisfied:

false

TODO: Provide a setupData() implementation for this generated test suite

	at dressapp.calendar.EventServiceSpec.setupData(EventServiceSpec.groovy:22)
	at dressapp.calendar.EventServiceSpec.$tt__$spock_feature_0_2(EventServiceSpec.groovy:45)
	at dressapp.calendar.EventServiceSpec.test count_closure3(EventServiceSpec.groovy)
	at groovy.lang.Closure.call(Closure.java:418)
	at groovy.lang.Closure.call(Closure.java:434)
	at grails.gorm.transactions.GrailsTransactionTemplate$1.doInTransaction(GrailsTransactionTemplate.groovy:68)
	at org.springframework.transaction.support.TransactionTemplate.execute(TransactionTemplate.java:133)
	at grails.gorm.transactions.GrailsTransactionTemplate.executeAndRollback(GrailsTransactionTemplate.groovy:65)
	at dressapp.calendar.EventServiceSpec.test count(EventServiceSpec.groovy)
</failure>
  </testcase>
  <testcase name="test delete" classname="dressapp.calendar.EventServiceSpec" time="0.213">
    <failure message="Condition not satisfied:&#10;&#10;false&#10;&#10;TODO: Provide a setupData() implementation for this generated test suite&#10;" type="org.spockframework.runtime.ConditionNotSatisfiedError">Condition not satisfied:

false

TODO: Provide a setupData() implementation for this generated test suite

	at dressapp.calendar.EventServiceSpec.setupData(EventServiceSpec.groovy:22)
	at dressapp.calendar.EventServiceSpec.$tt__$spock_feature_0_3(EventServiceSpec.groovy:52)
	at dressapp.calendar.EventServiceSpec.test delete_closure4(EventServiceSpec.groovy)
	at groovy.lang.Closure.call(Closure.java:418)
	at groovy.lang.Closure.call(Closure.java:434)
	at grails.gorm.transactions.GrailsTransactionTemplate$1.doInTransaction(GrailsTransactionTemplate.groovy:68)
	at org.springframework.transaction.support.TransactionTemplate.execute(TransactionTemplate.java:133)
	at grails.gorm.transactions.GrailsTransactionTemplate.executeAndRollback(GrailsTransactionTemplate.groovy:65)
	at dressapp.calendar.EventServiceSpec.test delete(EventServiceSpec.groovy)
</failure>
  </testcase>
  <testcase name="test save" classname="dressapp.calendar.EventServiceSpec" time="0.234">
    <failure message="Condition not satisfied:&#10;&#10;false&#10;&#10;TODO: Provide a valid instance to save&#10;" type="org.spockframework.runtime.ConditionNotSatisfiedError">Condition not satisfied:

false

TODO: Provide a valid instance to save

	at dressapp.calendar.EventServiceSpec.$tt__$spock_feature_0_4(EventServiceSpec.groovy:67)
	at dressapp.calendar.EventServiceSpec.test save_closure5(EventServiceSpec.groovy)
	at groovy.lang.Closure.call(Closure.java:418)
	at groovy.lang.Closure.call(Closure.java:434)
	at grails.gorm.transactions.GrailsTransactionTemplate$1.doInTransaction(GrailsTransactionTemplate.groovy:68)
	at org.springframework.transaction.support.TransactionTemplate.execute(TransactionTemplate.java:133)
	at grails.gorm.transactions.GrailsTransactionTemplate.executeAndRollback(GrailsTransactionTemplate.groovy:65)
	at dressapp.calendar.EventServiceSpec.test save(EventServiceSpec.groovy)
</failure>
  </testcase>
  <system-out><![CDATA[]]></system-out>
  <system-err><![CDATA[]]></system-err>
</testsuite>
