<?xml version="1.0" encoding="UTF-8"?>
<testsuite name="dressapp.containers.WardrobeServiceSpec" tests="5" skipped="0" failures="5" errors="0" timestamp="2018-06-12T14:40:02" hostname="nico-N53SV" time="1.068">
  <properties/>
  <testcase name="test get" classname="dressapp.containers.WardrobeServiceSpec" time="0.211">
    <failure message="Condition not satisfied:&#10;&#10;false&#10;&#10;TODO: Provide a setupData() implementation for this generated test suite&#10;" type="org.spockframework.runtime.ConditionNotSatisfiedError">Condition not satisfied:

false

TODO: Provide a setupData() implementation for this generated test suite

	at dressapp.containers.WardrobeServiceSpec.setupData(WardrobeServiceSpec.groovy:22)
	at dressapp.containers.WardrobeServiceSpec.$tt__$spock_feature_0_0(WardrobeServiceSpec.groovy:27)
	at dressapp.containers.WardrobeServiceSpec.test get_closure1(WardrobeServiceSpec.groovy)
	at groovy.lang.Closure.call(Closure.java:418)
	at groovy.lang.Closure.call(Closure.java:434)
	at grails.gorm.transactions.GrailsTransactionTemplate$1.doInTransaction(GrailsTransactionTemplate.groovy:68)
	at org.springframework.transaction.support.TransactionTemplate.execute(TransactionTemplate.java:133)
	at grails.gorm.transactions.GrailsTransactionTemplate.executeAndRollback(GrailsTransactionTemplate.groovy:65)
	at dressapp.containers.WardrobeServiceSpec.test get(WardrobeServiceSpec.groovy)
</failure>
  </testcase>
  <testcase name="test list" classname="dressapp.containers.WardrobeServiceSpec" time="0.226">
    <failure message="Condition not satisfied:&#10;&#10;false&#10;&#10;TODO: Provide a setupData() implementation for this generated test suite&#10;" type="org.spockframework.runtime.ConditionNotSatisfiedError">Condition not satisfied:

false

TODO: Provide a setupData() implementation for this generated test suite

	at dressapp.containers.WardrobeServiceSpec.setupData(WardrobeServiceSpec.groovy:22)
	at dressapp.containers.WardrobeServiceSpec.$tt__$spock_feature_0_1(WardrobeServiceSpec.groovy:34)
	at dressapp.containers.WardrobeServiceSpec.test list_closure2(WardrobeServiceSpec.groovy)
	at groovy.lang.Closure.call(Closure.java:418)
	at groovy.lang.Closure.call(Closure.java:434)
	at grails.gorm.transactions.GrailsTransactionTemplate$1.doInTransaction(GrailsTransactionTemplate.groovy:68)
	at org.springframework.transaction.support.TransactionTemplate.execute(TransactionTemplate.java:133)
	at grails.gorm.transactions.GrailsTransactionTemplate.executeAndRollback(GrailsTransactionTemplate.groovy:65)
	at dressapp.containers.WardrobeServiceSpec.test list(WardrobeServiceSpec.groovy)
</failure>
  </testcase>
  <testcase name="test count" classname="dressapp.containers.WardrobeServiceSpec" time="0.202">
    <failure message="Condition not satisfied:&#10;&#10;false&#10;&#10;TODO: Provide a setupData() implementation for this generated test suite&#10;" type="org.spockframework.runtime.ConditionNotSatisfiedError">Condition not satisfied:

false

TODO: Provide a setupData() implementation for this generated test suite

	at dressapp.containers.WardrobeServiceSpec.setupData(WardrobeServiceSpec.groovy:22)
	at dressapp.containers.WardrobeServiceSpec.$tt__$spock_feature_0_2(WardrobeServiceSpec.groovy:45)
	at dressapp.containers.WardrobeServiceSpec.test count_closure3(WardrobeServiceSpec.groovy)
	at groovy.lang.Closure.call(Closure.java:418)
	at groovy.lang.Closure.call(Closure.java:434)
	at grails.gorm.transactions.GrailsTransactionTemplate$1.doInTransaction(GrailsTransactionTemplate.groovy:68)
	at org.springframework.transaction.support.TransactionTemplate.execute(TransactionTemplate.java:133)
	at grails.gorm.transactions.GrailsTransactionTemplate.executeAndRollback(GrailsTransactionTemplate.groovy:65)
	at dressapp.containers.WardrobeServiceSpec.test count(WardrobeServiceSpec.groovy)
</failure>
  </testcase>
  <testcase name="test delete" classname="dressapp.containers.WardrobeServiceSpec" time="0.224">
    <failure message="Condition not satisfied:&#10;&#10;false&#10;&#10;TODO: Provide a setupData() implementation for this generated test suite&#10;" type="org.spockframework.runtime.ConditionNotSatisfiedError">Condition not satisfied:

false

TODO: Provide a setupData() implementation for this generated test suite

	at dressapp.containers.WardrobeServiceSpec.setupData(WardrobeServiceSpec.groovy:22)
	at dressapp.containers.WardrobeServiceSpec.$tt__$spock_feature_0_3(WardrobeServiceSpec.groovy:52)
	at dressapp.containers.WardrobeServiceSpec.test delete_closure4(WardrobeServiceSpec.groovy)
	at groovy.lang.Closure.call(Closure.java:418)
	at groovy.lang.Closure.call(Closure.java:434)
	at grails.gorm.transactions.GrailsTransactionTemplate$1.doInTransaction(GrailsTransactionTemplate.groovy:68)
	at org.springframework.transaction.support.TransactionTemplate.execute(TransactionTemplate.java:133)
	at grails.gorm.transactions.GrailsTransactionTemplate.executeAndRollback(GrailsTransactionTemplate.groovy:65)
	at dressapp.containers.WardrobeServiceSpec.test delete(WardrobeServiceSpec.groovy)
</failure>
  </testcase>
  <testcase name="test save" classname="dressapp.containers.WardrobeServiceSpec" time="0.205">
    <failure message="Condition not satisfied:&#10;&#10;false&#10;&#10;TODO: Provide a valid instance to save&#10;" type="org.spockframework.runtime.ConditionNotSatisfiedError">Condition not satisfied:

false

TODO: Provide a valid instance to save

	at dressapp.containers.WardrobeServiceSpec.$tt__$spock_feature_0_4(WardrobeServiceSpec.groovy:67)
	at dressapp.containers.WardrobeServiceSpec.test save_closure5(WardrobeServiceSpec.groovy)
	at groovy.lang.Closure.call(Closure.java:418)
	at groovy.lang.Closure.call(Closure.java:434)
	at grails.gorm.transactions.GrailsTransactionTemplate$1.doInTransaction(GrailsTransactionTemplate.groovy:68)
	at org.springframework.transaction.support.TransactionTemplate.execute(TransactionTemplate.java:133)
	at grails.gorm.transactions.GrailsTransactionTemplate.executeAndRollback(GrailsTransactionTemplate.groovy:65)
	at dressapp.containers.WardrobeServiceSpec.test save(WardrobeServiceSpec.groovy)
</failure>
  </testcase>
  <system-out><![CDATA[]]></system-out>
  <system-err><![CDATA[]]></system-err>
</testsuite>
