<?xml version="1.0" encoding="UTF-8"?>
<testsuite name="dressapp.containers.SuitcaseServiceSpec" tests="5" skipped="0" failures="5" errors="0" timestamp="2018-06-12T14:40:01" hostname="nico-N53SV" time="1.132">
  <properties/>
  <testcase name="test get" classname="dressapp.containers.SuitcaseServiceSpec" time="0.235">
    <failure message="Condition not satisfied:&#10;&#10;false&#10;&#10;TODO: Provide a setupData() implementation for this generated test suite&#10;" type="org.spockframework.runtime.ConditionNotSatisfiedError">Condition not satisfied:

false

TODO: Provide a setupData() implementation for this generated test suite

	at dressapp.containers.SuitcaseServiceSpec.setupData(SuitcaseServiceSpec.groovy:22)
	at dressapp.containers.SuitcaseServiceSpec.$tt__$spock_feature_0_0(SuitcaseServiceSpec.groovy:27)
	at dressapp.containers.SuitcaseServiceSpec.test get_closure1(SuitcaseServiceSpec.groovy)
	at groovy.lang.Closure.call(Closure.java:418)
	at groovy.lang.Closure.call(Closure.java:434)
	at grails.gorm.transactions.GrailsTransactionTemplate$1.doInTransaction(GrailsTransactionTemplate.groovy:68)
	at org.springframework.transaction.support.TransactionTemplate.execute(TransactionTemplate.java:133)
	at grails.gorm.transactions.GrailsTransactionTemplate.executeAndRollback(GrailsTransactionTemplate.groovy:65)
	at dressapp.containers.SuitcaseServiceSpec.test get(SuitcaseServiceSpec.groovy)
</failure>
  </testcase>
  <testcase name="test list" classname="dressapp.containers.SuitcaseServiceSpec" time="0.211">
    <failure message="Condition not satisfied:&#10;&#10;false&#10;&#10;TODO: Provide a setupData() implementation for this generated test suite&#10;" type="org.spockframework.runtime.ConditionNotSatisfiedError">Condition not satisfied:

false

TODO: Provide a setupData() implementation for this generated test suite

	at dressapp.containers.SuitcaseServiceSpec.setupData(SuitcaseServiceSpec.groovy:22)
	at dressapp.containers.SuitcaseServiceSpec.$tt__$spock_feature_0_1(SuitcaseServiceSpec.groovy:34)
	at dressapp.containers.SuitcaseServiceSpec.test list_closure2(SuitcaseServiceSpec.groovy)
	at groovy.lang.Closure.call(Closure.java:418)
	at groovy.lang.Closure.call(Closure.java:434)
	at grails.gorm.transactions.GrailsTransactionTemplate$1.doInTransaction(GrailsTransactionTemplate.groovy:68)
	at org.springframework.transaction.support.TransactionTemplate.execute(TransactionTemplate.java:133)
	at grails.gorm.transactions.GrailsTransactionTemplate.executeAndRollback(GrailsTransactionTemplate.groovy:65)
	at dressapp.containers.SuitcaseServiceSpec.test list(SuitcaseServiceSpec.groovy)
</failure>
  </testcase>
  <testcase name="test count" classname="dressapp.containers.SuitcaseServiceSpec" time="0.242">
    <failure message="Condition not satisfied:&#10;&#10;false&#10;&#10;TODO: Provide a setupData() implementation for this generated test suite&#10;" type="org.spockframework.runtime.ConditionNotSatisfiedError">Condition not satisfied:

false

TODO: Provide a setupData() implementation for this generated test suite

	at dressapp.containers.SuitcaseServiceSpec.setupData(SuitcaseServiceSpec.groovy:22)
	at dressapp.containers.SuitcaseServiceSpec.$tt__$spock_feature_0_2(SuitcaseServiceSpec.groovy:45)
	at dressapp.containers.SuitcaseServiceSpec.test count_closure3(SuitcaseServiceSpec.groovy)
	at groovy.lang.Closure.call(Closure.java:418)
	at groovy.lang.Closure.call(Closure.java:434)
	at grails.gorm.transactions.GrailsTransactionTemplate$1.doInTransaction(GrailsTransactionTemplate.groovy:68)
	at org.springframework.transaction.support.TransactionTemplate.execute(TransactionTemplate.java:133)
	at grails.gorm.transactions.GrailsTransactionTemplate.executeAndRollback(GrailsTransactionTemplate.groovy:65)
	at dressapp.containers.SuitcaseServiceSpec.test count(SuitcaseServiceSpec.groovy)
</failure>
  </testcase>
  <testcase name="test delete" classname="dressapp.containers.SuitcaseServiceSpec" time="0.206">
    <failure message="Condition not satisfied:&#10;&#10;false&#10;&#10;TODO: Provide a setupData() implementation for this generated test suite&#10;" type="org.spockframework.runtime.ConditionNotSatisfiedError">Condition not satisfied:

false

TODO: Provide a setupData() implementation for this generated test suite

	at dressapp.containers.SuitcaseServiceSpec.setupData(SuitcaseServiceSpec.groovy:22)
	at dressapp.containers.SuitcaseServiceSpec.$tt__$spock_feature_0_3(SuitcaseServiceSpec.groovy:52)
	at dressapp.containers.SuitcaseServiceSpec.test delete_closure4(SuitcaseServiceSpec.groovy)
	at groovy.lang.Closure.call(Closure.java:418)
	at groovy.lang.Closure.call(Closure.java:434)
	at grails.gorm.transactions.GrailsTransactionTemplate$1.doInTransaction(GrailsTransactionTemplate.groovy:68)
	at org.springframework.transaction.support.TransactionTemplate.execute(TransactionTemplate.java:133)
	at grails.gorm.transactions.GrailsTransactionTemplate.executeAndRollback(GrailsTransactionTemplate.groovy:65)
	at dressapp.containers.SuitcaseServiceSpec.test delete(SuitcaseServiceSpec.groovy)
</failure>
  </testcase>
  <testcase name="test save" classname="dressapp.containers.SuitcaseServiceSpec" time="0.238">
    <failure message="Condition not satisfied:&#10;&#10;false&#10;&#10;TODO: Provide a valid instance to save&#10;" type="org.spockframework.runtime.ConditionNotSatisfiedError">Condition not satisfied:

false

TODO: Provide a valid instance to save

	at dressapp.containers.SuitcaseServiceSpec.$tt__$spock_feature_0_4(SuitcaseServiceSpec.groovy:67)
	at dressapp.containers.SuitcaseServiceSpec.test save_closure5(SuitcaseServiceSpec.groovy)
	at groovy.lang.Closure.call(Closure.java:418)
	at groovy.lang.Closure.call(Closure.java:434)
	at grails.gorm.transactions.GrailsTransactionTemplate$1.doInTransaction(GrailsTransactionTemplate.groovy:68)
	at org.springframework.transaction.support.TransactionTemplate.execute(TransactionTemplate.java:133)
	at grails.gorm.transactions.GrailsTransactionTemplate.executeAndRollback(GrailsTransactionTemplate.groovy:65)
	at dressapp.containers.SuitcaseServiceSpec.test save(SuitcaseServiceSpec.groovy)
</failure>
  </testcase>
  <system-out><![CDATA[]]></system-out>
  <system-err><![CDATA[]]></system-err>
</testsuite>
